2023-04-02 23:04:26.745397 - Initialized conversion of CBT267
2023-04-02 23:04:27.695512 - Received CBT.V504.FILE267.PDS from FILE267.XMI 
2023-04-02 23:04:27.698308 - Found $$$#DATE.txt (text/plain) in CBT.V504.FILE267.PDS, moved to PDS/$$$#DATE
2023-04-02 23:04:27.699435 - Found $$HETUTL.jcl (text/plain) in CBT.V504.FILE267.PDS, moved to PDS/$$HETUTL
2023-04-02 23:04:27.700533 - Found $$HETUT1.jcl (text/plain) in CBT.V504.FILE267.PDS, moved to PDS/$$HETUT1
2023-04-02 23:04:27.727556 - Found $LOADLIB.xmi (application/xmit) in CBT.V504.FILE267.PDS
2023-04-02 23:04:27.734511   - Received RECFM=U data, stored XMIT file as CBT267/$LOADLIB.xmi
2023-04-02 23:04:27.735538 - Found #CALL.txt (text/plain) in CBT.V504.FILE267.PDS, moved to PDS/#CALL
2023-04-02 23:04:27.736568 - Found #CSTR.txt (text/plain) in CBT.V504.FILE267.PDS, moved to PDS/#CSTR
2023-04-02 23:04:27.737468 - Found #EPILOG.txt (text/plain) in CBT.V504.FILE267.PDS, moved to PDS/#EPILOG
2023-04-02 23:04:27.738338 - Found #FRAME.txt (text/plain) in CBT.V504.FILE267.PDS, moved to PDS/#FRAME
2023-04-02 23:04:27.739342 - Found #GLOBAL.txt (text/plain) in CBT.V504.FILE267.PDS, moved to PDS/#GLOBAL
2023-04-02 23:04:27.740290 - Found #MEMCHR.txt (text/plain) in CBT.V504.FILE267.PDS, moved to PDS/#MEMCHR
2023-04-02 23:04:27.741247 - Found #MEMCMP.txt (text/plain) in CBT.V504.FILE267.PDS, moved to PDS/#MEMCMP
2023-04-02 23:04:27.742208 - Found #MEMCPY.txt (text/plain) in CBT.V504.FILE267.PDS, moved to PDS/#MEMCPY
2023-04-02 23:04:27.743176 - Found #MEMSET.txt (text/plain) in CBT.V504.FILE267.PDS, moved to PDS/#MEMSET
2023-04-02 23:04:27.744203 - Found #PROFILE.txt (text/plain) in CBT.V504.FILE267.PDS, moved to PDS/#PROFILE
2023-04-02 23:04:27.745137 - Found #PROLOG.txt (text/plain) in CBT.V504.FILE267.PDS, moved to PDS/#PROLOG
2023-04-02 23:04:27.746146 - Found @FILE267.txt (text/plain) in CBT.V504.FILE267.PDS, moved to PDS/@FILE267
2023-04-02 23:04:27.747161 - Found ADLER32.txt (text/plain) in CBT.V504.FILE267.PDS, moved to PDS/ADLER32
2023-04-02 23:04:27.748271 - Found BLKSRT.txt (text/plain) in CBT.V504.FILE267.PDS, moved to PDS/BLKSRT
2023-04-02 23:04:27.749288 - Found BZINTERR.txt (text/plain) in CBT.V504.FILE267.PDS, moved to PDS/BZINTERR
2023-04-02 23:04:27.750433 - Found BZLIB.txt (text/plain) in CBT.V504.FILE267.PDS, moved to PDS/BZLIB
2023-04-02 23:04:27.751529 - Found COMPRESB.txt (text/plain) in CBT.V504.FILE267.PDS, moved to PDS/COMPRESB
2023-04-02 23:04:27.752534 - Found COMPRESS.txt (text/plain) in CBT.V504.FILE267.PDS, moved to PDS/COMPRESS
2023-04-02 23:04:27.753533 - Found CRCTABLE.txt (text/plain) in CBT.V504.FILE267.PDS, moved to PDS/CRCTABLE
2023-04-02 23:04:27.754454 - Found CRC32.txt (text/plain) in CBT.V504.FILE267.PDS, moved to PDS/CRC32
2023-04-02 23:04:27.755622 - Found DECOMPR.txt (text/plain) in CBT.V504.FILE267.PDS, moved to PDS/DECOMPR
2023-04-02 23:04:27.757073 - Found DEFLATE.txt (text/plain) in CBT.V504.FILE267.PDS, moved to PDS/DEFLATE
2023-04-02 23:04:27.758191 - Found HETUTL.txt (text/plain) in CBT.V504.FILE267.PDS, moved to PDS/HETUTL
2023-04-02 23:04:27.759185 - Found HUFFMAN.txt (text/plain) in CBT.V504.FILE267.PDS, moved to PDS/HUFFMAN
2023-04-02 23:04:27.760216 - Found INFBLOCK.txt (text/plain) in CBT.V504.FILE267.PDS, moved to PDS/INFBLOCK
2023-04-02 23:04:27.761357 - Found INFCODES.txt (text/plain) in CBT.V504.FILE267.PDS, moved to PDS/INFCODES
2023-04-02 23:04:27.762269 - Found INFFAST.txt (text/plain) in CBT.V504.FILE267.PDS, moved to PDS/INFFAST
2023-04-02 23:04:27.763352 - Found INFLATE.txt (text/plain) in CBT.V504.FILE267.PDS, moved to PDS/INFLATE
2023-04-02 23:04:27.764809 - Found INFTREES.txt (text/plain) in CBT.V504.FILE267.PDS, moved to PDS/INFTREES
2023-04-02 23:04:27.765818 - Found INFUTIL.txt (text/plain) in CBT.V504.FILE267.PDS, moved to PDS/INFUTIL
2023-04-02 23:04:27.766792 - Found LIB.txt (text/plain) in CBT.V504.FILE267.PDS, moved to PDS/LIB
2023-04-02 23:04:27.767853 - Found MEMPOOL.txt (text/plain) in CBT.V504.FILE267.PDS, moved to PDS/MEMPOOL
2023-04-02 23:04:27.768922 - Found PRINTF.txt (text/plain) in CBT.V504.FILE267.PDS, moved to PDS/PRINTF
2023-04-02 23:04:27.769833 - Found PROFILE.txt (text/plain) in CBT.V504.FILE267.PDS, moved to PDS/PROFILE
2023-04-02 23:04:27.771126 - Found RANDTAB.txt (text/plain) in CBT.V504.FILE267.PDS, moved to PDS/RANDTAB
2023-04-02 23:04:27.772105 - Found STACK.txt (text/plain) in CBT.V504.FILE267.PDS, moved to PDS/STACK
2023-04-02 23:04:27.773653 - Found TREES.txt (text/plain) in CBT.V504.FILE267.PDS, moved to PDS/TREES
2023-04-02 23:04:27.774706 - Found UNCOMPR.txt (text/plain) in CBT.V504.FILE267.PDS, moved to PDS/UNCOMPR
2023-04-02 23:04:27.775860 - Found ZUTIL.txt (text/plain) in CBT.V504.FILE267.PDS, moved to PDS/ZUTIL
